
Showing logs for build [32mablazleon-udagram-api-feed-pr-1-5l88r-1[0m stage [32mfrom-build-pack[0m and container [32mcredential-initializer[0m
{"level":"info","ts":1594557411.3205023,"caller":"creds-init/main.go:44","msg":"Credentials initialized."}

Showing logs for build [32mablazleon-udagram-api-feed-pr-1-5l88r-1[0m stage [32mfrom-build-pack[0m and container [32mworking-dir-initializer[0m

Showing logs for build [32mablazleon-udagram-api-feed-pr-1-5l88r-1[0m stage [32mfrom-build-pack[0m and container [32mplace-tools[0m

Showing logs for build [32mablazleon-udagram-api-feed-pr-1-5l88r-1[0m stage [32mfrom-build-pack[0m and container [32mstep-git-source-ablazleon-udagram-api-feed-pr-1-5l88r-mznmr[0m
{"level":"info","ts":1594557420.875942,"caller":"git/git.go:105","msg":"Successfully cloned https://github.com/*********/udagram-api-feed.git @ master in path /workspace/source"}
{"level":"warn","ts":1594557420.876047,"caller":"git/git.go:152","msg":"Unexpected error: creating symlink: symlink /tekton/home/.ssh /root/.ssh: file exists"}
{"level":"info","ts":1594557420.9159987,"caller":"git/git.go:133","msg":"Successfully initialized and updated submodules in path /workspace/source"}

Showing logs for build [32mablazleon-udagram-api-feed-pr-1-5l88r-1[0m stage [32mfrom-build-pack[0m and container [32mstep-setup-builder-home[0m

Showing logs for build [32mablazleon-udagram-api-feed-pr-1-5l88r-1[0m stage [32mfrom-build-pack[0m and container [32mstep-git-merge[0m
Using SHAs from PULL_REFS=master:39ad3d235cf9f86f5bb01d70612fe4a693dd8064,1:2d99d46a3ee7dae0b2d5e149eb431ce7e86fe5a0
DEBUG: LC_ALL=C JX_LOG_LEVEL=error git fetch origin --unshallow 2d99d46a3ee7dae0b2d5e149eb431ce7e86fe5a0: 39ad3d235cf9f86f5bb01d70612fe4a693dd8064:
DEBUG: ran git fetch --unshallow origin 2d99d46a3ee7dae0b2d5e149eb431ce7e86fe5a0: 39ad3d235cf9f86f5bb01d70612fe4a693dd8064: in 
DEBUG: JX_LOG_LEVEL=error LC_ALL=C git branch
DEBUG: LC_ALL=C JX_LOG_LEVEL=error git checkout master
DEBUG: ran git checkout master in 
DEBUG: LC_ALL=C JX_LOG_LEVEL=error git reset --hard 39ad3d235cf9f86f5bb01d70612fe4a693dd8064
DEBUG: ran git reset --hard 39ad3d235cf9f86f5bb01d70612fe4a693dd8064 in 
DEBUG: LC_ALL=C JX_LOG_LEVEL=error git clean -fd .
DEBUG: ran clean --force -d . in 
DEBUG: LC_ALL=C JX_LOG_LEVEL=error git merge 2d99d46a3ee7dae0b2d5e149eb431ce7e86fe5a0
DEBUG: ran git merge 2d99d46a3ee7dae0b2d5e149eb431ce7e86fe5a0 in 
DEBUG: LC_ALL=C JX_LOG_LEVEL=error git log --format=%H%x1f%an%x1f%ae%x1f%cn%x1f%ce%x1f%s%n%b%x1e 39ad3d235cf9f86f5bb01d70612fe4a693dd8064..HEAD
Merged SHA 2d99d46a3ee7dae0b2d5e149eb431ce7e86fe5a0 with commit message 'Update .gitignore' into base branch master

Showing logs for build [32mablazleon-udagram-api-feed-pr-1-5l88r-1[0m stage [32mfrom-build-pack[0m and container [32mstep-build-npmrc[0m
WARNING: failed to find Secret npm-token in namespace **

Showing logs for build [32mablazleon-udagram-api-feed-pr-1-5l88r-1[0m stage [32mfrom-build-pack[0m and container [32mstep-build-npm-install[0m

> bcrypt@3.0.6 install /workspace/source/node_modules/bcrypt
> node-pre-gyp install --fallback-to-build

node-pre-gyp WARN Using needle for node-pre-gyp https download 
[bcrypt] Success: "/workspace/source/node_modules/bcrypt/lib/binding/bcrypt_lib.node" is installed via remote
npm WARN udagram-api@2.0.0 No description
npm WARN udagram-api@2.0.0 No repository field.

added 511 packages from 965 contributors and audited 515 packages in 14.291s
found 22 vulnerabilities (21 low, 1 moderate)
  run `npm audit fix` to fix them, or `npm audit` for details

Showing logs for build [32mablazleon-udagram-api-feed-pr-1-5l88r-1[0m stage [32mfrom-build-pack[0m and container [32mstep-build-npm-test[0m

> udagram-api@2.0.0 test /workspace/source
> echo "Error: no test specified" && exit 1

Error: no test specified
npm ERR! Test failed.  See above for more details.
[31m
Pipeline failed on stage 'from-build-pack' : container 'step-build-npm-test'. The execution of the pipeline has stopped.[0m
